2022-06-01 00:31:35.215  INFO 6605 --- [main] c.a.rms.RateManagementSystemApplication  : Starting RateManagementSystemApplication using Java 1.8.0_311 on C02G5279MD6M with PID 6605 (/Users/ssreekumar/Downloads/rms/target/classes started by ssreekumar in /Users/ssreekumar/Downloads/rms)
2022-06-01 00:31:35.218  INFO 6605 --- [main] c.a.rms.RateManagementSystemApplication  : No active profile set, falling back to 1 default profile: "default"
2022-06-01 00:31:36.224  INFO 6605 --- [main] .s.d.r.c.RepositoryConfigurationDelegate : Bootstrapping Spring Data JPA repositories in DEFAULT mode.
2022-06-01 00:31:36.288  INFO 6605 --- [main] .s.d.r.c.RepositoryConfigurationDelegate : Finished Spring Data repository scanning in 53 ms. Found 1 JPA repository interfaces.
2022-06-01 00:31:36.940  INFO 6605 --- [main] o.s.b.w.embedded.tomcat.TomcatWebServer  : Tomcat initialized with port(s): 8080 (http)
2022-06-01 00:31:36.953  INFO 6605 --- [main] o.apache.catalina.core.StandardService   : Starting service [Tomcat]
2022-06-01 00:31:36.954  INFO 6605 --- [main] org.apache.catalina.core.StandardEngine  : Starting Servlet engine: [Apache Tomcat/9.0.63]
2022-06-01 00:31:37.169  INFO 6605 --- [main] o.a.c.c.C.[Tomcat].[localhost].[/]       : Initializing Spring embedded WebApplicationContext
2022-06-01 00:31:37.169  INFO 6605 --- [main] w.s.c.ServletWebServerApplicationContext : Root WebApplicationContext: initialization completed in 1901 ms
2022-06-01 00:31:37.244 ERROR 6605 --- [main] o.s.b.web.embedded.tomcat.TomcatStarter  : Error starting Tomcat context. Exception: org.springframework.beans.factory.UnsatisfiedDependencyException. Message: Error creating bean with name 'webMvcMetricsFilter' defined in class path resource [org/springframework/boot/actuate/autoconfigure/metrics/web/servlet/WebMvcMetricsAutoConfiguration.class]: Unsatisfied dependency expressed through method 'webMvcMetricsFilter' parameter 0; nested exception is org.springframework.beans.factory.BeanCreationException: Error creating bean with name 'simpleMeterRegistry' defined in class path resource [org/springframework/boot/actuate/autoconfigure/metrics/export/simple/SimpleMetricsExportAutoConfiguration.class]: Initialization of bean failed; nested exception is org.springframework.beans.factory.UnsatisfiedDependencyException: Error creating bean with name 'dataSourcePoolMetadataMeterBinder' defined in class path resource [org/springframework/boot/actuate/autoconfigure/metrics/jdbc/DataSourcePoolMetricsAutoConfiguration$DataSourcePoolMetadataMetricsConfiguration.class]: Unsatisfied dependency expressed through method 'dataSourcePoolMetadataMeterBinder' parameter 0; nested exception is org.springframework.beans.factory.BeanCreationException: Error creating bean with name 'dataSource' defined in class path resource [org/springframework/boot/autoconfigure/jdbc/DataSourceConfiguration$Hikari.class]: Bean instantiation via factory method failed; nested exception is org.springframework.beans.BeanInstantiationException: Failed to instantiate [com.zaxxer.hikari.HikariDataSource]: Factory method 'dataSource' threw exception; nested exception is org.springframework.boot.autoconfigure.jdbc.DataSourceProperties$DataSourceBeanCreationException: Failed to determine a suitable driver class
2022-06-01 00:31:37.275  INFO 6605 --- [main] o.apache.catalina.core.StandardService   : Stopping service [Tomcat]
2022-06-01 00:31:37.287  WARN 6605 --- [main] ConfigServletWebServerApplicationContext : Exception encountered during context initialization - cancelling refresh attempt: org.springframework.context.ApplicationContextException: Unable to start web server; nested exception is org.springframework.boot.web.server.WebServerException: Unable to start embedded Tomcat
2022-06-01 00:31:37.307  INFO 6605 --- [main] ConditionEvaluationReportLoggingListener : 

Error starting ApplicationContext. To display the conditions report re-run your application with 'debug' enabled.
2022-06-01 00:31:37.381 ERROR 6605 --- [main] o.s.b.d.LoggingFailureAnalysisReporter   : 

***************************
APPLICATION FAILED TO START
***************************

Description:

Failed to configure a DataSource: 'url' attribute is not specified and no embedded datasource could be configured.

Reason: Failed to determine a suitable driver class


Action:

Consider the following:
	If you want an embedded database (H2, HSQL or Derby), please put it on the classpath.
	If you have database settings to be loaded from a particular profile you may need to activate it (no profiles are currently active).

